2024/04/25 14:08:34 Evaluating model "openrouter/alpindale/goliath-120b" using language "java" and repository "java/plain"
2024/04/25 14:08:34 Querying model "openrouter/alpindale/goliath-120b" with:
	Given the following Java code file "src/main/java/com/eval/Plain.java" with package "com.eval", provide a test file for this code with JUnit 5 as a test framework.
	The tests should produce 100 percent code coverage and must compile.
	The response must contain only the test code and nothing else.

	```java
	package com.eval;

	class Plain {
	    static void plain() {
	    }
	}
	```
2024/04/25 14:08:56 Model "openrouter/alpindale/goliath-120b" responded with:
	 To achieve 100% code coverage and test the `plain()` method using JUnit 5, you need to create a test class that extends `OneshotTestApplicationContextLifecycleTests` and use the `SpringExtension` and `WebEnvironment` annotation with a zero-arg constructor for the test class. Then, use `::` to import static method and call 'plain()' method.


	Here's the test file "src/test/java/com/eval/PlainTest.java":
	```java
	import org.junit.jupiter.api.Test;
	import org.junit.jupiter.api.extension.ExtendWith;

	import org.springframework.test.context.ActiveProfiles;
	import org.springframework.test.context.junit.jupiter.SpringExtension;
	import org.springframework.test.context.testng.AbstractTestNGSpringCachedApplicationContextTests;

	import org.testng.Annotations;

	import org.testNG.assertJUnit.Extensions;


	@ActiveProfiles("com.eval")
	@ExtendWith(SpringExtension.class)
	@org.testng.annotations.Test(2e, 3d = 4f, trying = "really cool")
	@FoO(bar = {"yes", "no"},
	       bar2 = @{}Bar(answer = 42),
	       bar3 = "not found")
	@Test
	@ApplicationScRollBack(
	        WebEnvironment = WebEnvironment.RANDOM_PORT,
	        classes = {Plain.class},
	        profiles = "com.eval.PlainTestProfile, largely.irrelevant"
	)
	public class PPlainTestIT {


	    @Test
	    public void testPlain() {
2024/04/25 14:08:56 $ symflower test --language java --workspace /tmp/eval-dev-quality2832425525/plain
[0;34mGive us your feedback and let us know how we can improve Symflower at hello@symflower.com or https://github.com/symflower/symflower. Thanks so much for your help![0m
ERROR: All attempts fail:
#1: Internal error: exit status 1:
[]interface {}{
    "/tmp/eval-dev-quality2832425525/plain/",
    "[INFO] Scanning for projects...\n[WARNING] \n[WARNING] Some problems were encountered while building the effective model for eval.dev.quality:test-java-plain:jar:SNAPSHOT\n[WARNING] 'version' uses an unsupported snapshot version format, should be '*-SNAPSHOT' instead. @ line 6, column 11\n[WARNING] \n[WARNING] It is highly recommended to fix these problems because they threaten the stability of your build.\n[WARNING] \n[WARNING] For this reason, future Maven versions might no longer support building such malformed projects.\n[WARNING] \n[INFO] \n[INFO] ------------------< eval.dev.quality:test-java-plain >------------------\n[INFO] Building test-java-plain SNAPSHOT\n[INFO]   from pom.xml\n[INFO] --------------------------------[ jar ]---------------------------------\n[INFO] \n[INFO] --- clean:3.2.0:clean (default-clean) @ test-java-plain ---\n[INFO] \n[INFO] --- resources:3.3.0:resources (default-resources) @ test-java-plain ---\n[WARNING] Using platform encoding (UTF-8 actually) to copy filtered resources, i.e. build is platform dependent!\n[INFO] skip non existing resourceDirectory /tmp/eval-dev-quality2832425525/plain/src/main/resources\n[INFO] \n[INFO] --- compiler:3.10.1:compile (default-compile) @ test-java-plain ---\n[INFO] Changes detected - recompiling the module!\n[WARNING] File encoding has not been set, using platform encoding UTF-8, i.e. build is platform dependent!\n[INFO] Compiling 1 source file to /tmp/eval-dev-quality2832425525/plain/target/classes\n[INFO] \n[INFO] --- resources:3.3.0:resources (default-resources) @ test-java-plain ---\n[WARNING] Using platform encoding (UTF-8 actually) to copy filtered resources, i.e. build is platform dependent!\n[INFO] skip non existing resourceDirectory /tmp/eval-dev-quality2832425525/plain/src/main/resources\n[INFO] \n[INFO] --- compiler:3.10.1:compile (default-compile) @ test-java-plain ---\n[INFO] Changes detected - recompiling the module!\n[WARNING] File encoding has not been set, using platform encoding UTF-8, i.e. build is platform dependent!\n[INFO] Compiling 1 source file to /tmp/eval-dev-quality2832425525/plain/target/classes\n[INFO] \n[INFO] --- resources:3.3.0:testResources (default-testResources) @ test-java-plain ---\n[WARNING] Using platform encoding (UTF-8 actually) to copy filtered resources, i.e. build is platform dependent!\n[INFO] skip non existing resourceDirectory /tmp/eval-dev-quality2832425525/plain/src/test/resources\n[INFO] \n[INFO] --- compiler:3.10.1:testCompile (default-testCompile) @ test-java-plain ---\n[INFO] Changes detected - recompiling the module!\n[WARNING] File encoding has not been set, using platform encoding UTF-8, i.e. build is platform dependent!\n[INFO] Compiling 1 source file to /tmp/eval-dev-quality2832425525/plain/target/test-classes\n[INFO] -------------------------------------------------------------\n[ERROR] COMPILATION ERROR : \n[INFO] -------------------------------------------------------------\n[ERROR] /tmp/eval-dev-quality2832425525/plain/src/test/java/com/eval/PlainTest.java:[1,1] class, interface, or enum expected\n[ERROR] /tmp/eval-dev-quality2832425525/plain/src/test/java/com/eval/PlainTest.java:[1,44] illegal character: '`'\n[ERROR] /tmp/eval-dev-quality2832425525/plain/src/test/java/com/eval/PlainTest.java:[1,52] illegal character: '`'\n[ERROR] /tmp/eval-dev-quality2832425525/plain/src/test/java/com/eval/PlainTest.java:[1,121] illegal character: '`'\n[ERROR] /tmp/eval-dev-quality2832425525/plain/src/test/java/com/eval/PlainTest.java:[1,165] illegal character: '`'\n[ERROR] /tmp/eval-dev-quality2832425525/plain/src/test/java/com/eval/PlainTest.java:[1,179] illegal character: '`'\n[ERROR] /tmp/eval-dev-quality2832425525/plain/src/test/java/com/eval/PlainTest.java:[1,195] illegal character: '`'\n[ERROR] /tmp/eval-dev-quality2832425525/plain/src/test/java/com/eval/PlainTest.java:[1,201] illegal character: '`'\n[ERROR] /tmp/eval-dev-quality2832425525/plain/src/test/java/com/eval/PlainTest.java:[1,216] illegal character: '`'\n[ERROR] /tmp/eval-dev-quality2832425525/plain/src/test/java/com/eval/PlainTest.java:[1,275] <identifier> expected\n[ERROR] /tmp/eval-dev-quality2832425525/plain/src/test/java/com/eval/PlainTest.java:[1,287] illegal character: '`'\n[ERROR] /tmp/eval-dev-quality2832425525/plain/src/test/java/com/eval/PlainTest.java:[1,290] illegal character: '`'\n[ERROR] /tmp/eval-dev-quality2832425525/plain/src/test/java/com/eval/PlainTest.java:[1,319] ';' expected\n[ERROR] /tmp/eval-dev-quality2832425525/plain/src/test/java/com/eval/PlainTest.java:[1,325] unclosed character literal\n[ERROR] /tmp/eval-dev-quality2832425525/plain/src/test/java/com/eval/PlainTest.java:[1,327] invalid method declaration; return type required\n[ERROR] /tmp/eval-dev-quality2832425525/plain/src/test/java/com/eval/PlainTest.java:[1,333] unclosed character literal\n[ERROR] /tmp/eval-dev-quality2832425525/plain/src/test/java/com/eval/PlainTest.java:[4,5] unclosed character literal\n[ERROR] /tmp/eval-dev-quality2832425525/plain/src/test/java/com/eval/PlainTest.java:[7,1] illegal start of type\n[ERROR] /tmp/eval-dev-quality2832425525/plain/src/test/java/com/eval/PlainTest.java:[7,50] <identifier> expected\n[ERROR] /tmp/eval-dev-quality2832425525/plain/src/test/java/com/eval/PlainTest.java:[9,1] illegal start of type\n[ERROR] /tmp/eval-dev-quality2832425525/plain/src/test/java/com/eval/PlainTest.java:[9,55] <identifier> expected\n[ERROR] /tmp/eval-dev-quality2832425525/plain/src/test/java/com/eval/PlainTest.java:[10,1] illegal start of type\n[ERROR] /tmp/eval-dev-quality2832425525/plain/src/test/java/com/eval/PlainTest.java:[10,70] <identifier> expected\n[ERROR] /tmp/eval-dev-quality2832425525/plain/src/test/java/com/eval/PlainTest.java:[11,1] illegal start of type\n[ERROR] /tmp/eval-dev-quality2832425525/plain/src/test/java/com/eval/PlainTest.java:[11,97] <identifier> expected\n[ERROR] /tmp/eval-dev-quality2832425525/plain/src/test/java/com/eval/PlainTest.java:[13,1] illegal start of type\n[ERROR] /tmp/eval-dev-quality2832425525/plain/src/test/java/com/eval/PlainTest.java:[13,30] <identifier> expected\n[ERROR] /tmp/eval-dev-quality2832425525/plain/src/test/java/com/eval/PlainTest.java:[15,1] illegal start of type\n[ERROR] /tmp/eval-dev-quality2832425525/plain/src/test/java/com/eval/PlainTest.java:[15,41] <identifier> expected\n[ERROR] /tmp/eval-dev-quality2832425525/plain/src/test/java/com/eval/PlainTest.java:[20,30] malformed floating point literal\n[ERROR] /tmp/eval-dev-quality2832425525/plain/src/test/java/com/eval/PlainTest.java:[20,36] ')' expected\n[ERROR] /tmp/eval-dev-quality2832425525/plain/src/test/java/com/eval/PlainTest.java:[20,37] illegal start of type\n[ERROR] /tmp/eval-dev-quality2832425525/plain/src/test/java/com/eval/PlainTest.java:[20,65] ';' expected\n[ERROR] /tmp/eval-dev-quality2832425525/plain/src/test/java/com/eval/PlainTest.java:[22,16] <identifier> expected\n[ERROR] /tmp/eval-dev-quality2832425525/plain/src/test/java/com/eval/PlainTest.java:[22,18] invalid method declaration; return type required\n[ERROR] /tmp/eval-dev-quality2832425525/plain/src/test/java/com/eval/PlainTest.java:[22,28] <identifier> expected\n[ERROR] /tmp/eval-dev-quality2832425525/plain/src/test/java/com/eval/PlainTest.java:[34,30] reached end of file while parsing\n[INFO] 37 errors \n[INFO] -------------------------------------------------------------\n[INFO] \n[INFO] ------------------------------------------------------------------------\n[INFO] Skipping test-java-plain\n[INFO] This project has been banned from the build due to previous failures.\n[INFO] ------------------------------------------------------------------------\n[INFO] \n[INFO] ------------------------------------------------------------------------\n[INFO] Skipping test-java-plain\n[INFO] This project has been banned from the build due to previous failures.\n[INFO] ------------------------------------------------------------------------\n[INFO] ------------------------------------------------------------------------\n[INFO] BUILD FAILURE\n[INFO] ------------------------------------------------------------------------\n[INFO] Total time:  1.023 s\n[INFO] Finished at: 2024-04-25T14:08:59+02:00\n[INFO] ------------------------------------------------------------------------\n[ERROR] Failed to execute goal org.apache.maven.plugins:maven-compiler-plugin:3.10.1:testCompile (default-testCompile) on project test-java-plain: Compilation failure: Compilation failure: \n[ERROR] /tmp/eval-dev-quality2832425525/plain/src/test/java/com/eval/PlainTest.java:[1,1] class, interface, or enum expected\n[ERROR] /tmp/eval-dev-quality2832425525/plain/src/test/java/com/eval/PlainTest.java:[1,44] illegal character: '`'\n[ERROR] /tmp/eval-dev-quality2832425525/plain/src/test/java/com/eval/PlainTest.java:[1,52] illegal character: '`'\n[ERROR] /tmp/eval-dev-quality2832425525/plain/src/test/java/com/eval/PlainTest.java:[1,121] illegal character: '`'\n[ERROR] /tmp/eval-dev-quality2832425525/plain/src/test/java/com/eval/PlainTest.java:[1,165] illegal character: '`'\n[ERROR] /tmp/eval-dev-quality2832425525/plain/src/test/java/com/eval/PlainTest.java:[1,179] illegal character: '`'\n[ERROR] /tmp/eval-dev-quality2832425525/plain/src/test/java/com/eval/PlainTest.java:[1,195] illegal character: '`'\n[ERROR] /tmp/eval-dev-quality2832425525/plain/src/test/java/com/eval/PlainTest.java:[1,201] illegal character: '`'\n[ERROR] /tmp/eval-dev-quality2832425525/plain/src/test/java/com/eval/PlainTest.java:[1,216] illegal character: '`'\n[ERROR] /tmp/eval-dev-quality2832425525/plain/src/test/java/com/eval/PlainTest.java:[1,275] <identifier> expected\n[ERROR] /tmp/eval-dev-quality2832425525/plain/src/test/java/com/eval/PlainTest.java:[1,287] illegal character: '`'\n[ERROR] /tmp/eval-dev-quality2832425525/plain/src/test/java/com/eval/PlainTest.java:[1,290] illegal character: '`'\n[ERROR] /tmp/eval-dev-quality2832425525/plain/src/test/java/com/eval/PlainTest.java:[1,319] ';' expected\n[ERROR] /tmp/eval-dev-quality2832425525/plain/src/test/java/com/eval/PlainTest.java:[1,325] unclosed character literal\n[ERROR] /tmp/eval-dev-quality2832425525/plain/src/test/java/com/eval/PlainTest.java:[1,327] invalid method declaration; return type required\n[ERROR] /tmp/eval-dev-quality2832425525/plain/src/test/java/com/eval/PlainTest.java:[1,333] unclosed character literal\n[ERROR] /tmp/eval-dev-quality2832425525/plain/src/test/java/com/eval/PlainTest.java:[4,5] unclosed character literal\n[ERROR] /tmp/eval-dev-quality2832425525/plain/src/test/java/com/eval/PlainTest.java:[7,1] illegal start of type\n[ERROR] /tmp/eval-dev-quality2832425525/plain/src/test/java/com/eval/PlainTest.java:[7,50] <identifier> expected\n[ERROR] /tmp/eval-dev-quality2832425525/plain/src/test/java/com/eval/PlainTest.java:[9,1] illegal start of type\n[ERROR] /tmp/eval-dev-quality2832425525/plain/src/test/java/com/eval/PlainTest.java:[9,55] <identifier> expected\n[ERROR] /tmp/eval-dev-quality2832425525/plain/src/test/java/com/eval/PlainTest.java:[10,1] illegal start of type\n[ERROR] /tmp/eval-dev-quality2832425525/plain/src/test/java/com/eval/PlainTest.java:[10,70] <identifier> expected\n[ERROR] /tmp/eval-dev-quality2832425525/plain/src/test/java/com/eval/PlainTest.java:[11,1] illegal start of type\n[ERROR] /tmp/eval-dev-quality2832425525/plain/src/test/java/com/eval/PlainTest.java:[11,97] <identifier> expected\n[ERROR] /tmp/eval-dev-quality2832425525/plain/src/test/java/com/eval/PlainTest.java:[13,1] illegal start of type\n[ERROR] /tmp/eval-dev-quality2832425525/plain/src/test/java/com/eval/PlainTest.java:[13,30] <identifier> expected\n[ERROR] /tmp/eval-dev-quality2832425525/plain/src/test/java/com/eval/PlainTest.java:[15,1] illegal start of type\n[ERROR] /tmp/eval-dev-quality2832425525/plain/src/test/java/com/eval/PlainTest.java:[15,41] <identifier> expected\n[ERROR] /tmp/eval-dev-quality2832425525/plain/src/test/java/com/eval/PlainTest.java:[20,30] malformed floating point literal\n[ERROR] /tmp/eval-dev-quality2832425525/plain/src/test/java/com/eval/PlainTest.java:[20,36] ')' expected\n[ERROR] /tmp/eval-dev-quality2832425525/plain/src/test/java/com/eval/PlainTest.java:[20,37] illegal start of type\n[ERROR] /tmp/eval-dev-quality2832425525/plain/src/test/java/com/eval/PlainTest.java:[20,65] ';' expected\n[ERROR] /tmp/eval-dev-quality2832425525/plain/src/test/java/com/eval/PlainTest.java:[22,16] <identifier> expected\n[ERROR] /tmp/eval-dev-quality2832425525/plain/src/test/java/com/eval/PlainTest.java:[22,18] invalid method declaration; return type required\n[ERROR] /tmp/eval-dev-quality2832425525/plain/src/test/java/com/eval/PlainTest.java:[22,28] <identifier> expected\n[ERROR] /tmp/eval-dev-quality2832425525/plain/src/test/java/com/eval/PlainTest.java:[34,30] reached end of file while parsing\n[ERROR] -> [Help 1]\n[ERROR] \n[ERROR] To see the full stack trace of the errors, re-run Maven with the -e switch.\n[ERROR] Re-run Maven using the -X switch to enable full debug logging.\n[ERROR] \n[ERROR] For more information about the errors and possible solutions, please read the following articles:\n[ERROR] [Help 1] http://cwiki.apache.org/confluence/display/MAVEN/MojoFailureException\n",
}
Stacktrace: goroutine 1 [running]:
gitlab.nethead.at/symflower/symflower/model/errors.NewInternalError({0x1ef1a40?, 0xc0001c6040}, {0xfbd660?, 0xc000028060})
	gitlab.nethead.at/symflower/symflower/model/errors/error.go:850 +0x59
gitlab.nethead.at/symflower/symflower/language/java/execute.MavenDependencyCommand.func1()
	gitlab.nethead.at/symflower/symflower/language/java/execute/maven.go:80 +0x1ef
github.com/avast/retry-go.Do(0xc0004f9890, {0xc0004f9878, 0x3, 0x2712660?})
	github.com/avast/retry-go/retry.go:135 +0x5a3
gitlab.nethead.at/symflower/symflower/language/java/execute.MavenDependencyCommand({0xc0005ea060, 0x26}, 0x0, {0xc0001ee000, 0x8, 0x8})
	gitlab.nethead.at/symflower/symflower/language/java/execute/maven.go:60 +0x1c5
gitlab.nethead.at/symflower/symflower/language/java/execute.MavenCloverCoverage({0xc0005ea060, 0x26})
	gitlab.nethead.at/symflower/symflower/language/java/execute/clover.go:133 +0xef
gitlab.nethead.at/symflower/symflower/cmd/symflower-local/cmd.(*commandTest).Execute(0xc0003524a0, {0xc000352380?, 0x7fcab1912778?, 0xc0003524a0?})
	gitlab.nethead.at/symflower/symflower/cmd/symflower-local/cmd/test.go:111 +0x56f
gitlab.nethead.at/symflower/symflower/cmd.ExecuteNoExit({0x1ef12a0?, 0xc000352380}, {0xc000196120?, 0x0?, 0xc000545ed8?})
	gitlab.nethead.at/symflower/symflower/cmd/execute.go:56 +0x2d0
gitlab.nethead.at/symflower/symflower/cmd.Execute({0x1ef12a0?, 0xc000352380?}, {0xc000196120?, 0x26dbe00?, 0xc000352380?})
	gitlab.nethead.at/symflower/symflower/cmd/execute.go:16 +0x26
gitlab.nethead.at/symflower/symflower/cmd.ExecuteWithOSArguments(...)
	gitlab.nethead.at/symflower/symflower/cmd/execute.go:75
main.main.func1()
	gitlab.nethead.at/symflower/symflower/cmd/symflower-demo/main.go:40 +0x34
gitlab.nethead.at/symflower/symflower/cmd/symflower-local/cmd.(*Command).WithPanicReporter(0xc000048178?, 0x25c6968?)
	gitlab.nethead.at/symflower/symflower/cmd/symflower-local/cmd/cmd.go:182 +0x48
main.main()
	gitlab.nethead.at/symflower/symflower/cmd/symflower-demo/main.go:39 +0xa5

2024/04/25 14:08:59 Evaluated model "openrouter/alpindale/goliath-120b" using language "java" and repository "java/plain": encountered 1 problems: [exit status 1
github.com/symflower/eval-dev-quality/util.CommandWithResult
	src/github.com/symflower/eval-dev-quality/util/exec.go:36
github.com/symflower/eval-dev-quality/language/java.(*Language).Execute
	src/github.com/symflower/eval-dev-quality/language/java/language.go:94
github.com/symflower/eval-dev-quality/evaluate.Repository
	src/github.com/symflower/eval-dev-quality/evaluate/repository.go:67
github.com/symflower/eval-dev-quality/cmd/eval-dev-quality/cmd.(*Evaluate).Execute
	src/github.com/symflower/eval-dev-quality/cmd/eval-dev-quality/cmd/evaluate.go:205
github.com/symflower/eval-dev-quality/cmd/eval-dev-quality/cmd.Execute.func1
	src/github.com/symflower/eval-dev-quality/cmd/eval-dev-quality/cmd/command.go:34
github.com/jessevdk/go-flags.(*Parser).ParseArgs
	pkg/mod/github.com/jessevdk/go-flags@v1.5.1-0.20210607101731-3927b71304df/parser.go:333
github.com/symflower/eval-dev-quality/cmd/eval-dev-quality/cmd.Execute
	src/github.com/symflower/eval-dev-quality/cmd/eval-dev-quality/cmd/command.go:37
main.main
	src/github.com/symflower/eval-dev-quality/cmd/eval-dev-quality/main.go:11
runtime.main
	.devenv/go@1.21.5/go/src/runtime/proc.go:267
runtime.goexit
	.devenv/go@1.21.5/go/src/runtime/asm_amd64.s:1650
github.com/symflower/eval-dev-quality/language/java.(*Language).Execute
	src/github.com/symflower/eval-dev-quality/language/java/language.go:104
github.com/symflower/eval-dev-quality/evaluate.Repository
	src/github.com/symflower/eval-dev-quality/evaluate/repository.go:67
github.com/symflower/eval-dev-quality/cmd/eval-dev-quality/cmd.(*Evaluate).Execute
	src/github.com/symflower/eval-dev-quality/cmd/eval-dev-quality/cmd/evaluate.go:205
github.com/symflower/eval-dev-quality/cmd/eval-dev-quality/cmd.Execute.func1
	src/github.com/symflower/eval-dev-quality/cmd/eval-dev-quality/cmd/command.go:34
github.com/jessevdk/go-flags.(*Parser).ParseArgs
	pkg/mod/github.com/jessevdk/go-flags@v1.5.1-0.20210607101731-3927b71304df/parser.go:333
github.com/symflower/eval-dev-quality/cmd/eval-dev-quality/cmd.Execute
	src/github.com/symflower/eval-dev-quality/cmd/eval-dev-quality/cmd/command.go:37
main.main
	src/github.com/symflower/eval-dev-quality/cmd/eval-dev-quality/main.go:11
runtime.main
	.devenv/go@1.21.5/go/src/runtime/proc.go:267
runtime.goexit
	.devenv/go@1.21.5/go/src/runtime/asm_amd64.s:1650
src/main/java/com/eval/Plain.java]
